<?xml version="1.0" encoding="UTF-8"?>
<testng-results ignored="0" total="1" passed="1" failed="0" skipped="0">
  <reporter-output>
  </reporter-output>
  <suite started-at="2023-06-26T18:11:39 IST" name="Default suite" finished-at="2023-06-26T18:11:44 IST" duration-ms="5278">
    <groups>
    </groups>
    <test started-at="2023-06-26T18:11:39 IST" name="Default test" finished-at="2023-06-26T18:11:44 IST" duration-ms="5278">
      <class name="Testing.Opstool">
        <test-method signature="open()[pri:0, instance:Testing.Opstool@15c43bd9]" started-at="2023-06-26T18:11:39 IST" name="open" finished-at="2023-06-26T18:11:44 IST" duration-ms="5242" status="PASS">
          <reporter-output>
          </reporter-output>
        </test-method> <!-- open -->
      </class> <!-- Testing.Opstool -->
    </test> <!-- Default test -->
  </suite> <!-- Default suite -->
</testng-results>
